<?xml version="1.0" encoding="UTF-8"?>
<!-- Generated by org.testng.reporters.JUnitReportReporter -->
<testsuite skipped="0" hostname="Home" name="challenge.ScrollDown" tests="1" failures="0" timestamp="31 Jul 2018 11:08:08 GMT" time="10.818" errors="0">
  <testcase name="main" time="10.818" classname="challenge.ScrollDown"/>
</testsuite> <!-- challenge.ScrollDown -->
