<?xml version="1.0" encoding="UTF-8"?>
<!-- Generated by org.testng.reporters.JUnitReportReporter -->
<testsuite skipped="0" hostname="Home" name="ProjectDay.Flipkart" tests="1" failures="0" timestamp="12 Aug 2018 08:24:47 GMT" time="30.744" errors="0">
  <testcase name="CreateContact" time="30.744" classname="ProjectDay.Flipkart"/>
</testsuite> <!-- ProjectDay.Flipkart -->
