<?xml version="1.0" encoding="UTF-8"?>
<!-- Generated by org.testng.reporters.JUnitReportReporter -->
<testsuite skipped="0" hostname="Home" name="challenge.AlertSnapUsingRobotClass" tests="1" failures="0" timestamp="31 Jul 2018 11:03:54 GMT" time="14.635" errors="0">
  <testcase name="takeSnap" time="14.635" classname="challenge.AlertSnapUsingRobotClass"/>
</testsuite> <!-- challenge.AlertSnapUsingRobotClass -->
