<?xml version="1.0" encoding="UTF-8"?>
<!-- Generated by org.testng.reporters.JUnitReportReporter -->
<testsuite skipped="0" hostname="Home" name="ProjectDay.CreateContactSeMethods" tests="1" failures="0" timestamp="12 Aug 2018 08:08:30 GMT" time="25.930" errors="0">
  <testcase name="createContact" time="25.930" classname="ProjectDay.CreateContactSeMethods"/>
</testsuite> <!-- ProjectDay.CreateContactSeMethods -->
