<?xml version="1.0" encoding="UTF-8"?>
<!-- Generated by org.testng.reporters.JUnitReportReporter -->
<testsuite skipped="0" hostname="Home" name="grid.CrystalCruises" tests="1" failures="0" timestamp="04 Aug 2018 10:43:26 GMT" time="15.288" errors="0">
  <testcase name="crystalCruises" time="15.288" classname="grid.CrystalCruises"/>
</testsuite> <!-- grid.CrystalCruises -->
