<?xml version="1.0" encoding="UTF-8"?>
<!-- Generated by org.testng.reporters.JUnitReportReporter -->
<testsuite skipped="0" hostname="Home" name="challenge.WriteExcel" tests="1" failures="0" timestamp="31 Jul 2018 11:00:58 GMT" time="1.262" errors="0">
  <testcase name="writeExcel" time="1.262" classname="challenge.WriteExcel"/>
</testsuite> <!-- challenge.WriteExcel -->
