<?xml version="1.0" encoding="UTF-8"?>
<!-- Generated by org.testng.reporters.JUnitReportReporter -->
<testsuite skipped="0" hostname="Home" name="testcase.createLead" tests="2" failures="0" timestamp="11 Aug 2018 11:31:11 GMT" time="47.793" errors="0">
  <testcase name="createnewLead" time="24.524" classname="testcase.createLead"/>
  <testcase name="createnewLead" time="23.269" classname="testcase.createLead"/>
</testsuite> <!-- testcase.createLead -->
